[debug] [2023-06-11T17:40:56.056Z] ----------------------------------------------------------------------
[debug] [2023-06-11T17:40:56.057Z] Command:       C:\Program Files\nodejs\node.exe C:\Users\user\AppData\Roaming\npm\node_modules\firebase-tools\lib\bin\firebase.js deploy --only functions
[debug] [2023-06-11T17:40:56.058Z] CLI Version:   12.3.1
[debug] [2023-06-11T17:40:56.058Z] Platform:      win32
[debug] [2023-06-11T17:40:56.058Z] Node Version:  v18.16.0
[debug] [2023-06-11T17:40:56.058Z] Time:          Mon Jun 12 2023 00:40:56 GMT+0700 (Western Indonesia Time)
[debug] [2023-06-11T17:40:56.059Z] ----------------------------------------------------------------------
[debug] 
[debug] [2023-06-11T17:40:56.098Z] > command requires scopes: ["email","openid","https://www.googleapis.com/auth/cloudplatformprojects.readonly","https://www.googleapis.com/auth/firebase","https://www.googleapis.com/auth/cloud-platform"]
[debug] [2023-06-11T17:40:56.098Z] > authorizing via signed-in user (auliaanggr@gmail.com)
[debug] [2023-06-11T17:40:56.098Z] [iam] checking project loginsignup-auth-dc6a9 for permissions ["cloudfunctions.functions.create","cloudfunctions.functions.delete","cloudfunctions.functions.get","cloudfunctions.functions.list","cloudfunctions.functions.update","cloudfunctions.operations.get","firebase.projects.get"]
[debug] [2023-06-11T17:40:56.100Z] >>> [apiv2][query] POST https://cloudresourcemanager.googleapis.com/v1/projects/loginsignup-auth-dc6a9:testIamPermissions [none]
[debug] [2023-06-11T17:40:56.100Z] >>> [apiv2][(partial)header] POST https://cloudresourcemanager.googleapis.com/v1/projects/loginsignup-auth-dc6a9:testIamPermissions x-goog-quota-user=projects/loginsignup-auth-dc6a9
[debug] [2023-06-11T17:40:56.100Z] >>> [apiv2][body] POST https://cloudresourcemanager.googleapis.com/v1/projects/loginsignup-auth-dc6a9:testIamPermissions {"permissions":["cloudfunctions.functions.create","cloudfunctions.functions.delete","cloudfunctions.functions.get","cloudfunctions.functions.list","cloudfunctions.functions.update","cloudfunctions.operations.get","firebase.projects.get"]}
[debug] [2023-06-11T17:40:57.184Z] <<< [apiv2][status] POST https://cloudresourcemanager.googleapis.com/v1/projects/loginsignup-auth-dc6a9:testIamPermissions 200
[debug] [2023-06-11T17:40:57.184Z] <<< [apiv2][body] POST https://cloudresourcemanager.googleapis.com/v1/projects/loginsignup-auth-dc6a9:testIamPermissions {"permissions":["cloudfunctions.functions.create","cloudfunctions.functions.delete","cloudfunctions.functions.get","cloudfunctions.functions.list","cloudfunctions.functions.update","cloudfunctions.operations.get","firebase.projects.get"]}
[debug] [2023-06-11T17:40:57.184Z] >>> [apiv2][query] POST https://iam.googleapis.com/v1/projects/loginsignup-auth-dc6a9/serviceAccounts/loginsignup-auth-dc6a9@appspot.gserviceaccount.com:testIamPermissions [none]
[debug] [2023-06-11T17:40:57.185Z] >>> [apiv2][body] POST https://iam.googleapis.com/v1/projects/loginsignup-auth-dc6a9/serviceAccounts/loginsignup-auth-dc6a9@appspot.gserviceaccount.com:testIamPermissions {"permissions":["iam.serviceAccounts.actAs"]}
[debug] [2023-06-11T17:40:58.255Z] <<< [apiv2][status] POST https://iam.googleapis.com/v1/projects/loginsignup-auth-dc6a9/serviceAccounts/loginsignup-auth-dc6a9@appspot.gserviceaccount.com:testIamPermissions 200
[debug] [2023-06-11T17:40:58.255Z] <<< [apiv2][body] POST https://iam.googleapis.com/v1/projects/loginsignup-auth-dc6a9/serviceAccounts/loginsignup-auth-dc6a9@appspot.gserviceaccount.com:testIamPermissions {"permissions":["iam.serviceAccounts.actAs"]}
[info] 
[info] === Deploying to 'loginsignup-auth-dc6a9'...
[info] 
[info] i  deploying functions 
[debug] [2023-06-11T17:40:58.258Z] >>> [apiv2][query] GET https://firebase.googleapis.com/v1beta1/projects/loginsignup-auth-dc6a9 [none]
[debug] [2023-06-11T17:40:58.641Z] <<< [apiv2][status] GET https://firebase.googleapis.com/v1beta1/projects/loginsignup-auth-dc6a9 200
[debug] [2023-06-11T17:40:58.642Z] <<< [apiv2][body] GET https://firebase.googleapis.com/v1beta1/projects/loginsignup-auth-dc6a9 {"projectId":"loginsignup-auth-dc6a9","projectNumber":"416880535782","displayName":"LoginSignup Auth","name":"projects/loginsignup-auth-dc6a9","resources":{"hostingSite":"loginsignup-auth-dc6a9","realtimeDatabaseInstance":"loginsignup-auth-dc6a9-default-rtdb","storageBucket":"loginsignup-auth-dc6a9.appspot.com","locationId":"asia-southeast2"},"state":"ACTIVE","etag":"1_14c57d7d-9599-447f-974f-5bf347357eb6"}
[info] i  functions: preparing codebase default for deployment 
[info] i  functions: ensuring required API cloudfunctions.googleapis.com is enabled... 
[info] i  functions: ensuring required API cloudbuild.googleapis.com is enabled... 
[info] i  artifactregistry: ensuring required API artifactregistry.googleapis.com is enabled... 
[debug] [2023-06-11T17:40:58.643Z] >>> [apiv2][query] GET https://serviceusage.googleapis.com/v1/projects/loginsignup-auth-dc6a9/services/cloudfunctions.googleapis.com [none]
[debug] [2023-06-11T17:40:58.643Z] >>> [apiv2][(partial)header] GET https://serviceusage.googleapis.com/v1/projects/loginsignup-auth-dc6a9/services/cloudfunctions.googleapis.com x-goog-quota-user=projects/loginsignup-auth-dc6a9
[debug] [2023-06-11T17:40:58.644Z] >>> [apiv2][query] GET https://serviceusage.googleapis.com/v1/projects/loginsignup-auth-dc6a9/services/runtimeconfig.googleapis.com [none]
[debug] [2023-06-11T17:40:58.644Z] >>> [apiv2][(partial)header] GET https://serviceusage.googleapis.com/v1/projects/loginsignup-auth-dc6a9/services/runtimeconfig.googleapis.com x-goog-quota-user=projects/loginsignup-auth-dc6a9
[debug] [2023-06-11T17:40:58.644Z] >>> [apiv2][query] GET https://serviceusage.googleapis.com/v1/projects/loginsignup-auth-dc6a9/services/cloudbuild.googleapis.com [none]
[debug] [2023-06-11T17:40:58.644Z] >>> [apiv2][(partial)header] GET https://serviceusage.googleapis.com/v1/projects/loginsignup-auth-dc6a9/services/cloudbuild.googleapis.com x-goog-quota-user=projects/loginsignup-auth-dc6a9
[debug] [2023-06-11T17:40:58.645Z] >>> [apiv2][query] GET https://serviceusage.googleapis.com/v1/projects/loginsignup-auth-dc6a9/services/artifactregistry.googleapis.com [none]
[debug] [2023-06-11T17:40:58.645Z] >>> [apiv2][(partial)header] GET https://serviceusage.googleapis.com/v1/projects/loginsignup-auth-dc6a9/services/artifactregistry.googleapis.com x-goog-quota-user=projects/loginsignup-auth-dc6a9
[debug] [2023-06-11T17:41:00.105Z] <<< [apiv2][status] GET https://serviceusage.googleapis.com/v1/projects/loginsignup-auth-dc6a9/services/cloudfunctions.googleapis.com 200
[debug] [2023-06-11T17:41:00.105Z] <<< [apiv2][body] GET https://serviceusage.googleapis.com/v1/projects/loginsignup-auth-dc6a9/services/cloudfunctions.googleapis.com [omitted]
[info] +  functions: required API cloudfunctions.googleapis.com is enabled 
[debug] [2023-06-11T17:41:00.119Z] <<< [apiv2][status] GET https://serviceusage.googleapis.com/v1/projects/loginsignup-auth-dc6a9/services/cloudbuild.googleapis.com 200
[debug] [2023-06-11T17:41:00.119Z] <<< [apiv2][body] GET https://serviceusage.googleapis.com/v1/projects/loginsignup-auth-dc6a9/services/cloudbuild.googleapis.com [omitted]
[info] +  functions: required API cloudbuild.googleapis.com is enabled 
[debug] [2023-06-11T17:41:00.119Z] <<< [apiv2][status] GET https://serviceusage.googleapis.com/v1/projects/loginsignup-auth-dc6a9/services/runtimeconfig.googleapis.com 200
[debug] [2023-06-11T17:41:00.119Z] <<< [apiv2][body] GET https://serviceusage.googleapis.com/v1/projects/loginsignup-auth-dc6a9/services/runtimeconfig.googleapis.com [omitted]
[debug] [2023-06-11T17:41:00.149Z] <<< [apiv2][status] GET https://serviceusage.googleapis.com/v1/projects/loginsignup-auth-dc6a9/services/artifactregistry.googleapis.com 200
[debug] [2023-06-11T17:41:00.149Z] <<< [apiv2][body] GET https://serviceusage.googleapis.com/v1/projects/loginsignup-auth-dc6a9/services/artifactregistry.googleapis.com [omitted]
[info] +  artifactregistry: required API artifactregistry.googleapis.com is enabled 
[debug] [2023-06-11T17:41:00.149Z] >>> [apiv2][query] GET https://firebase.googleapis.com/v1beta1/projects/loginsignup-auth-dc6a9/adminSdkConfig [none]
[debug] [2023-06-11T17:41:00.708Z] <<< [apiv2][status] GET https://firebase.googleapis.com/v1beta1/projects/loginsignup-auth-dc6a9/adminSdkConfig 200
[debug] [2023-06-11T17:41:00.709Z] <<< [apiv2][body] GET https://firebase.googleapis.com/v1beta1/projects/loginsignup-auth-dc6a9/adminSdkConfig {"projectId":"loginsignup-auth-dc6a9","databaseURL":"https://loginsignup-auth-dc6a9-default-rtdb.asia-southeast1.firebasedatabase.app","storageBucket":"loginsignup-auth-dc6a9.appspot.com","locationId":"asia-southeast2"}
[debug] [2023-06-11T17:41:00.709Z] >>> [apiv2][query] GET https://runtimeconfig.googleapis.com/v1beta1/projects/loginsignup-auth-dc6a9/configs [none]
[debug] [2023-06-11T17:41:01.083Z] <<< [apiv2][status] GET https://runtimeconfig.googleapis.com/v1beta1/projects/loginsignup-auth-dc6a9/configs 200
[debug] [2023-06-11T17:41:01.083Z] <<< [apiv2][body] GET https://runtimeconfig.googleapis.com/v1beta1/projects/loginsignup-auth-dc6a9/configs {}
[debug] [2023-06-11T17:41:01.084Z] Validating nodejs source
[debug] [2023-06-11T17:41:03.847Z] > [functions] package.json contents: {
  "name": "functions",
  "description": "Cloud Functions for Firebase",
  "scripts": {
    "serve": "firebase emulators:start --only functions",
    "shell": "firebase functions:shell",
    "start": "npm run shell",
    "deploy": "firebase deploy --only functions",
    "logs": "firebase functions:log"
  },
  "engines": {
    "node": "18"
  },
  "main": "index.js",
  "dependencies": {
    "firebase-admin": "^11.8.0",
    "firebase-functions": "^4.3.1"
  },
  "devDependencies": {
    "firebase-functions-test": "^3.1.0"
  },
  "private": true
}
[debug] [2023-06-11T17:41:03.847Z] Building nodejs source
[debug] [2023-06-11T17:41:03.847Z] Could not find functions.yaml. Must use http discovery
[debug] [2023-06-11T17:41:03.851Z] Found firebase-functions binary at 'C:\Users\user\Downloads\gabungan-main\gabungan-main\functions\node_modules\.bin\firebase-functions'
[debug] [2023-06-11T17:41:04.000Z] Serving at port 8184

[debug] [2023-06-11T17:41:04.174Z] Got response from /__/functions.yaml {"endpoints":{"processPayment":{"platform":"gcfv1","availableMemoryMb":null,"timeoutSeconds":null,"minInstances":null,"maxInstances":null,"ingressSettings":null,"serviceAccountEmail":null,"vpc":null,"httpsTrigger":{},"entryPoint":"processPayment"}},"specVersion":"v1alpha1","requiredAPIs":[]}
[debug] [2023-06-11T17:41:04.178Z] shutdown requested via /__/quitquitquit

[info] i  functions: preparing functions directory for uploading... 
[info] i  functions: packaged C:\Users\user\Downloads\gabungan-main\gabungan-main\functions (66.58 KB) for uploading 
[debug] [2023-06-11T17:41:04.214Z] >>> [apiv2][query] GET https://cloudfunctions.googleapis.com/v1/projects/loginsignup-auth-dc6a9/locations/-/functions [none]
[debug] [2023-06-11T17:41:04.746Z] <<< [apiv2][status] GET https://cloudfunctions.googleapis.com/v1/projects/loginsignup-auth-dc6a9/locations/-/functions 200
[debug] [2023-06-11T17:41:04.746Z] <<< [apiv2][body] GET https://cloudfunctions.googleapis.com/v1/projects/loginsignup-auth-dc6a9/locations/-/functions {"functions":[{"name":"projects/loginsignup-auth-dc6a9/locations/us-central1/functions/processPayment","httpsTrigger":{"url":"https://us-central1-loginsignup-auth-dc6a9.cloudfunctions.net/processPayment","securityLevel":"SECURE_ALWAYS"},"status":"OFFLINE","entryPoint":"processPayment","timeout":"60s","availableMemoryMb":256,"serviceAccountEmail":"loginsignup-auth-dc6a9@appspot.gserviceaccount.com","updateTime":"2023-06-11T17:38:10.885Z","versionId":"1","labels":{"deployment-tool":"cli-firebase","firebase-functions-hash":"827869117f5254e9bb1cbd2a0e88d651d4de4de5"},"sourceUploadUrl":"https://storage.googleapis.com/uploads-37502175809.us-central1.cloudfunctions.appspot.com/f209af9c-2f38-4c7f-88e4-10e8e9c1c1ab.zip","environmentVariables":{"FIREBASE_CONFIG":"{\"projectId\":\"loginsignup-auth-dc6a9\",\"databaseURL\":\"https://loginsignup-auth-dc6a9-default-rtdb.asia-southeast1.firebasedatabase.app\",\"storageBucket\":\"loginsignup-auth-dc6a9.appspot.com\",\"locationId\":\"asia-southeast2\"}","GCLOUD_PROJECT":"loginsignup-auth-dc6a9","EVENTARC_CLOUD_EVENT_SOURCE":"projects/loginsignup-auth-dc6a9/locations/us-central1/functions/processPayment"},"runtime":"nodejs18","ingressSettings":"ALLOW_ALL","buildId":"53b8338a-d276-4f4a-b148-ef87fcb08aac","buildEnvironmentVariables":{"GOOGLE_NODE_RUN_SCRIPTS":""},"buildName":"projects/416880535782/locations/us-central1/builds/53b8338a-d276-4f4a-b148-ef87fcb08aac","dockerRegistry":"ARTIFACT_REGISTRY"}]}
[debug] [2023-06-11T17:41:04.747Z] >>> [apiv2][query] GET https://cloudfunctions.googleapis.com/v2/projects/loginsignup-auth-dc6a9/locations/-/functions filter=environment%3D%22GEN_2%22
[debug] [2023-06-11T17:41:06.447Z] <<< [apiv2][status] GET https://cloudfunctions.googleapis.com/v2/projects/loginsignup-auth-dc6a9/locations/-/functions 200
[debug] [2023-06-11T17:41:06.447Z] <<< [apiv2][body] GET https://cloudfunctions.googleapis.com/v2/projects/loginsignup-auth-dc6a9/locations/-/functions {}
[debug] [2023-06-11T17:41:06.451Z] >>> [apiv2][query] GET https://firebase.googleapis.com/v1beta1/projects/loginsignup-auth-dc6a9 [none]
[debug] [2023-06-11T17:41:06.824Z] <<< [apiv2][status] GET https://firebase.googleapis.com/v1beta1/projects/loginsignup-auth-dc6a9 200
[debug] [2023-06-11T17:41:06.824Z] <<< [apiv2][body] GET https://firebase.googleapis.com/v1beta1/projects/loginsignup-auth-dc6a9 {"projectId":"loginsignup-auth-dc6a9","projectNumber":"416880535782","displayName":"LoginSignup Auth","name":"projects/loginsignup-auth-dc6a9","resources":{"hostingSite":"loginsignup-auth-dc6a9","realtimeDatabaseInstance":"loginsignup-auth-dc6a9-default-rtdb","storageBucket":"loginsignup-auth-dc6a9.appspot.com","locationId":"asia-southeast2"},"state":"ACTIVE","etag":"1_14c57d7d-9599-447f-974f-5bf347357eb6"}
[debug] [2023-06-11T17:41:06.825Z] >>> [apiv2][query] POST https://cloudfunctions.googleapis.com/v1/projects/loginsignup-auth-dc6a9/locations/us-central1/functions:generateUploadUrl [none]
[debug] [2023-06-11T17:41:06.825Z] >>> [apiv2][body] POST https://cloudfunctions.googleapis.com/v1/projects/loginsignup-auth-dc6a9/locations/us-central1/functions:generateUploadUrl {}
[debug] [2023-06-11T17:41:07.572Z] <<< [apiv2][status] POST https://cloudfunctions.googleapis.com/v1/projects/loginsignup-auth-dc6a9/locations/us-central1/functions:generateUploadUrl 200
[debug] [2023-06-11T17:41:07.572Z] <<< [apiv2][body] POST https://cloudfunctions.googleapis.com/v1/projects/loginsignup-auth-dc6a9/locations/us-central1/functions:generateUploadUrl {"uploadUrl":"https://storage.googleapis.com/uploads-37502175809.us-central1.cloudfunctions.appspot.com/c8b84838-e3eb-444a-9ccd-06d609cedaf8.zip?GoogleAccessId=service-416880535782@gcf-admin-robot.iam.gserviceaccount.com&Expires=1686507068&Signature=cAnesFsqRNWEF7ZtCL3OrsNaXfQAQy6olKRJ6SO9ArFcW1u0mniq5Ews%2FFbLB2lYBmEPIJszS9RX0lvDyhszvYcq56ZGsFa0G2cPfooRLEa7Vj4%2By52AvGQ%2FhfVLJfsKI%2FpUxmf1khm1D%2BIwh8%2FMcw1LEYT6XDNzhAgOuRgwYp%2BW4fcF9InTlA5nX0c4Ndtjk5AKUkEuUE7Et9vK7mzP0uIHzOnjvK5GiPzvmdnJKrzUDN2ru9Fjmqu8GeHh%2BCM%2FiIzNiq3jBb5c1EDx99NjJ2M4H3Wx56TEqXcHKCpToQ4wYXttj%2BuQco%2BZ%2Fj23yeyAyeyafVQTQtGEG2U%2Flyl0aQ%3D%3D"}
[debug] [2023-06-11T17:41:07.572Z] >>> [apiv2][query] PUT https://storage.googleapis.com/uploads-37502175809.us-central1.cloudfunctions.appspot.com/c8b84838-e3eb-444a-9ccd-06d609cedaf8.zip GoogleAccessId=service-416880535782%40gcf-admin-robot.iam.gserviceaccount.com&Expires=1686507068&Signature=cAnesFsqRNWEF7ZtCL3OrsNaXfQAQy6olKRJ6SO9ArFcW1u0mniq5Ews%2FFbLB2lYBmEPIJszS9RX0lvDyhszvYcq56ZGsFa0G2cPfooRLEa7Vj4%2By52AvGQ%2FhfVLJfsKI%2FpUxmf1khm1D%2BIwh8%2FMcw1LEYT6XDNzhAgOuRgwYp%2BW4fcF9InTlA5nX0c4Ndtjk5AKUkEuUE7Et9vK7mzP0uIHzOnjvK5GiPzvmdnJKrzUDN2ru9Fjmqu8GeHh%2BCM%2FiIzNiq3jBb5c1EDx99NjJ2M4H3Wx56TEqXcHKCpToQ4wYXttj%2BuQco%2BZ%2Fj23yeyAyeyafVQTQtGEG2U%2Flyl0aQ%3D%3D
[debug] [2023-06-11T17:41:07.572Z] >>> [apiv2][body] PUT https://storage.googleapis.com/uploads-37502175809.us-central1.cloudfunctions.appspot.com/c8b84838-e3eb-444a-9ccd-06d609cedaf8.zip [stream]
[debug] [2023-06-11T17:41:09.349Z] <<< [apiv2][status] PUT https://storage.googleapis.com/uploads-37502175809.us-central1.cloudfunctions.appspot.com/c8b84838-e3eb-444a-9ccd-06d609cedaf8.zip 200
[debug] [2023-06-11T17:41:09.349Z] <<< [apiv2][body] PUT https://storage.googleapis.com/uploads-37502175809.us-central1.cloudfunctions.appspot.com/c8b84838-e3eb-444a-9ccd-06d609cedaf8.zip [omitted]
[info] +  functions: functions folder uploaded successfully 
[info] i  functions: updating Node.js 18 (1st Gen) function processPayment(us-central1)... 
[debug] [2023-06-11T17:41:09.352Z] >>> [apiv2][query] PATCH https://cloudfunctions.googleapis.com/v1/projects/loginsignup-auth-dc6a9/locations/us-central1/functions/processPayment updateMask=name%2CsourceUploadUrl%2CentryPoint%2Cruntime%2CdockerRegistry%2Clabels%2ChttpsTrigger.securityLevel%2CminInstances%2CmaxInstances%2CingressSettings%2CenvironmentVariables%2CserviceAccountEmail%2CavailableMemoryMb%2Ctimeout%2CvpcConnector%2CvpcConnectorEgressSettings%2CsourceToken%2CbuildEnvironmentVariables
[debug] [2023-06-11T17:41:09.352Z] >>> [apiv2][body] PATCH https://cloudfunctions.googleapis.com/v1/projects/loginsignup-auth-dc6a9/locations/us-central1/functions/processPayment {"name":"projects/loginsignup-auth-dc6a9/locations/us-central1/functions/processPayment","sourceUploadUrl":"https://storage.googleapis.com/uploads-37502175809.us-central1.cloudfunctions.appspot.com/c8b84838-e3eb-444a-9ccd-06d609cedaf8.zip?GoogleAccessId=service-416880535782@gcf-admin-robot.iam.gserviceaccount.com&Expires=1686507068&Signature=cAnesFsqRNWEF7ZtCL3OrsNaXfQAQy6olKRJ6SO9ArFcW1u0mniq5Ews%2FFbLB2lYBmEPIJszS9RX0lvDyhszvYcq56ZGsFa0G2cPfooRLEa7Vj4%2By52AvGQ%2FhfVLJfsKI%2FpUxmf1khm1D%2BIwh8%2FMcw1LEYT6XDNzhAgOuRgwYp%2BW4fcF9InTlA5nX0c4Ndtjk5AKUkEuUE7Et9vK7mzP0uIHzOnjvK5GiPzvmdnJKrzUDN2ru9Fjmqu8GeHh%2BCM%2FiIzNiq3jBb5c1EDx99NjJ2M4H3Wx56TEqXcHKCpToQ4wYXttj%2BuQco%2BZ%2Fj23yeyAyeyafVQTQtGEG2U%2Flyl0aQ%3D%3D","entryPoint":"processPayment","runtime":"nodejs18","dockerRegistry":"ARTIFACT_REGISTRY","labels":{"deployment-tool":"cli-firebase","firebase-functions-hash":"a0964ba4911d85d4d56f3dcb485cf2422661ed3c"},"httpsTrigger":{"securityLevel":"SECURE_ALWAYS"},"minInstances":null,"maxInstances":null,"ingressSettings":null,"environmentVariables":{"FIREBASE_CONFIG":"{\"projectId\":\"loginsignup-auth-dc6a9\",\"databaseURL\":\"https://loginsignup-auth-dc6a9-default-rtdb.asia-southeast1.firebasedatabase.app\",\"storageBucket\":\"loginsignup-auth-dc6a9.appspot.com\",\"locationId\":\"asia-southeast2\"}","GCLOUD_PROJECT":"loginsignup-auth-dc6a9","EVENTARC_CLOUD_EVENT_SOURCE":"projects/loginsignup-auth-dc6a9/locations/us-central1/functions/processPayment"},"serviceAccountEmail":null,"availableMemoryMb":null,"timeout":null,"vpcConnector":null,"vpcConnectorEgressSettings":null,"buildEnvironmentVariables":{"GOOGLE_NODE_RUN_SCRIPTS":""}}
[debug] [2023-06-11T17:41:10.109Z] <<< [apiv2][status] PATCH https://cloudfunctions.googleapis.com/v1/projects/loginsignup-auth-dc6a9/locations/us-central1/functions/processPayment 200
[debug] [2023-06-11T17:41:10.109Z] <<< [apiv2][body] PATCH https://cloudfunctions.googleapis.com/v1/projects/loginsignup-auth-dc6a9/locations/us-central1/functions/processPayment {"name":"operations/bG9naW5zaWdudXAtYXV0aC1kYzZhOS91cy1jZW50cmFsMS9wcm9jZXNzUGF5bWVudC9LemREWjJaeUl2VQ","metadata":{"@type":"type.googleapis.com/google.cloud.functions.v1.OperationMetadataV1","target":"projects/loginsignup-auth-dc6a9/locations/us-central1/functions/processPayment","type":"UPDATE_FUNCTION","request":{"@type":"type.googleapis.com/google.cloud.functions.v1.CloudFunction","name":"projects/loginsignup-auth-dc6a9/locations/us-central1/functions/processPayment","httpsTrigger":{"url":"https://us-central1-loginsignup-auth-dc6a9.cloudfunctions.net/processPayment","securityLevel":"SECURE_ALWAYS"},"status":"OFFLINE","entryPoint":"processPayment","updateTime":"2023-06-11T17:38:10.885Z","versionId":"1","labels":{"deployment-tool":"cli-firebase","firebase-functions-hash":"a0964ba4911d85d4d56f3dcb485cf2422661ed3c"},"sourceUploadUrl":"https://storage.googleapis.com/uploads-37502175809.us-central1.cloudfunctions.appspot.com/c8b84838-e3eb-444a-9ccd-06d609cedaf8.zip?GoogleAccessId=service-416880535782@gcf-admin-robot.iam.gserviceaccount.com&Expires=1686507068&Signature=cAnesFsqRNWEF7ZtCL3OrsNaXfQAQy6olKRJ6SO9ArFcW1u0mniq5Ews%2FFbLB2lYBmEPIJszS9RX0lvDyhszvYcq56ZGsFa0G2cPfooRLEa7Vj4%2By52AvGQ%2FhfVLJfsKI%2FpUxmf1khm1D%2BIwh8%2FMcw1LEYT6XDNzhAgOuRgwYp%2BW4fcF9InTlA5nX0c4Ndtjk5AKUkEuUE7Et9vK7mzP0uIHzOnjvK5GiPzvmdnJKrzUDN2ru9Fjmqu8GeHh%2BCM%2FiIzNiq3jBb5c1EDx99NjJ2M4H3Wx56TEqXcHKCpToQ4wYXttj%2BuQco%2BZ%2Fj23yeyAyeyafVQTQtGEG2U%2Flyl0aQ%3D%3D","environmentVariables":{"FIREBASE_CONFIG":"{\"projectId\":\"loginsignup-auth-dc6a9\",\"databaseURL\":\"https://loginsignup-auth-dc6a9-default-rtdb.asia-southeast1.firebasedatabase.app\",\"storageBucket\":\"loginsignup-auth-dc6a9.appspot.com\",\"locationId\":\"asia-southeast2\"}","GCLOUD_PROJECT":"loginsignup-auth-dc6a9","EVENTARC_CLOUD_EVENT_SOURCE":"projects/loginsignup-auth-dc6a9/locations/us-central1/functions/processPayment"},"runtime":"nodejs18","buildId":"53b8338a-d276-4f4a-b148-ef87fcb08aac","buildEnvironmentVariables":{"GOOGLE_NODE_RUN_SCRIPTS":""},"buildName":"projects/416880535782/locations/us-central1/builds/53b8338a-d276-4f4a-b148-ef87fcb08aac","dockerRegistry":"ARTIFACT_REGISTRY"},"versionId":"2","updateTime":"2023-06-11T17:41:10Z"}}
[debug] [2023-06-11T17:41:10.109Z] >>> [apiv2][query] GET https://cloudfunctions.googleapis.com/v1/operations/bG9naW5zaWdudXAtYXV0aC1kYzZhOS91cy1jZW50cmFsMS9wcm9jZXNzUGF5bWVudC9LemREWjJaeUl2VQ [none]
[debug] [2023-06-11T17:41:10.566Z] <<< [apiv2][status] GET https://cloudfunctions.googleapis.com/v1/operations/bG9naW5zaWdudXAtYXV0aC1kYzZhOS91cy1jZW50cmFsMS9wcm9jZXNzUGF5bWVudC9LemREWjJaeUl2VQ 200
[debug] [2023-06-11T17:41:10.566Z] <<< [apiv2][body] GET https://cloudfunctions.googleapis.com/v1/operations/bG9naW5zaWdudXAtYXV0aC1kYzZhOS91cy1jZW50cmFsMS9wcm9jZXNzUGF5bWVudC9LemREWjJaeUl2VQ {"name":"operations/bG9naW5zaWdudXAtYXV0aC1kYzZhOS91cy1jZW50cmFsMS9wcm9jZXNzUGF5bWVudC9LemREWjJaeUl2VQ","metadata":{"@type":"type.googleapis.com/google.cloud.functions.v1.OperationMetadataV1","target":"projects/loginsignup-auth-dc6a9/locations/us-central1/functions/processPayment","type":"UPDATE_FUNCTION","request":{"@type":"type.googleapis.com/google.cloud.functions.v1.CloudFunction","name":"projects/loginsignup-auth-dc6a9/locations/us-central1/functions/processPayment","httpsTrigger":{"url":"https://us-central1-loginsignup-auth-dc6a9.cloudfunctions.net/processPayment","securityLevel":"SECURE_ALWAYS"},"status":"OFFLINE","entryPoint":"processPayment","updateTime":"2023-06-11T17:38:10.885Z","versionId":"1","labels":{"deployment-tool":"cli-firebase","firebase-functions-hash":"a0964ba4911d85d4d56f3dcb485cf2422661ed3c"},"sourceUploadUrl":"https://storage.googleapis.com/uploads-37502175809.us-central1.cloudfunctions.appspot.com/c8b84838-e3eb-444a-9ccd-06d609cedaf8.zip?GoogleAccessId=service-416880535782@gcf-admin-robot.iam.gserviceaccount.com&Expires=1686507068&Signature=cAnesFsqRNWEF7ZtCL3OrsNaXfQAQy6olKRJ6SO9ArFcW1u0mniq5Ews%2FFbLB2lYBmEPIJszS9RX0lvDyhszvYcq56ZGsFa0G2cPfooRLEa7Vj4%2By52AvGQ%2FhfVLJfsKI%2FpUxmf1khm1D%2BIwh8%2FMcw1LEYT6XDNzhAgOuRgwYp%2BW4fcF9InTlA5nX0c4Ndtjk5AKUkEuUE7Et9vK7mzP0uIHzOnjvK5GiPzvmdnJKrzUDN2ru9Fjmqu8GeHh%2BCM%2FiIzNiq3jBb5c1EDx99NjJ2M4H3Wx56TEqXcHKCpToQ4wYXttj%2BuQco%2BZ%2Fj23yeyAyeyafVQTQtGEG2U%2Flyl0aQ%3D%3D","environmentVariables":{"FIREBASE_CONFIG":"{\"projectId\":\"loginsignup-auth-dc6a9\",\"databaseURL\":\"https://loginsignup-auth-dc6a9-default-rtdb.asia-southeast1.firebasedatabase.app\",\"storageBucket\":\"loginsignup-auth-dc6a9.appspot.com\",\"locationId\":\"asia-southeast2\"}","GCLOUD_PROJECT":"loginsignup-auth-dc6a9","EVENTARC_CLOUD_EVENT_SOURCE":"projects/loginsignup-auth-dc6a9/locations/us-central1/functions/processPayment"},"runtime":"nodejs18","buildId":"53b8338a-d276-4f4a-b148-ef87fcb08aac","buildEnvironmentVariables":{"GOOGLE_NODE_RUN_SCRIPTS":""},"buildName":"projects/416880535782/locations/us-central1/builds/53b8338a-d276-4f4a-b148-ef87fcb08aac","dockerRegistry":"ARTIFACT_REGISTRY"},"versionId":"2","updateTime":"2023-06-11T17:41:10Z"}}
[debug] [2023-06-11T17:41:11.067Z] [update-default-us-central1-processPayment] Retrying task index 0
[debug] [2023-06-11T17:41:11.067Z] >>> [apiv2][query] GET https://cloudfunctions.googleapis.com/v1/operations/bG9naW5zaWdudXAtYXV0aC1kYzZhOS91cy1jZW50cmFsMS9wcm9jZXNzUGF5bWVudC9LemREWjJaeUl2VQ [none]
[debug] [2023-06-11T17:41:11.459Z] <<< [apiv2][status] GET https://cloudfunctions.googleapis.com/v1/operations/bG9naW5zaWdudXAtYXV0aC1kYzZhOS91cy1jZW50cmFsMS9wcm9jZXNzUGF5bWVudC9LemREWjJaeUl2VQ 200
[debug] [2023-06-11T17:41:11.459Z] <<< [apiv2][body] GET https://cloudfunctions.googleapis.com/v1/operations/bG9naW5zaWdudXAtYXV0aC1kYzZhOS91cy1jZW50cmFsMS9wcm9jZXNzUGF5bWVudC9LemREWjJaeUl2VQ {"name":"operations/bG9naW5zaWdudXAtYXV0aC1kYzZhOS91cy1jZW50cmFsMS9wcm9jZXNzUGF5bWVudC9LemREWjJaeUl2VQ","metadata":{"@type":"type.googleapis.com/google.cloud.functions.v1.OperationMetadataV1","target":"projects/loginsignup-auth-dc6a9/locations/us-central1/functions/processPayment","type":"UPDATE_FUNCTION","request":{"@type":"type.googleapis.com/google.cloud.functions.v1.CloudFunction","name":"projects/loginsignup-auth-dc6a9/locations/us-central1/functions/processPayment","httpsTrigger":{"url":"https://us-central1-loginsignup-auth-dc6a9.cloudfunctions.net/processPayment","securityLevel":"SECURE_ALWAYS"},"status":"OFFLINE","entryPoint":"processPayment","updateTime":"2023-06-11T17:38:10.885Z","versionId":"1","labels":{"deployment-tool":"cli-firebase","firebase-functions-hash":"a0964ba4911d85d4d56f3dcb485cf2422661ed3c"},"sourceUploadUrl":"https://storage.googleapis.com/uploads-37502175809.us-central1.cloudfunctions.appspot.com/c8b84838-e3eb-444a-9ccd-06d609cedaf8.zip?GoogleAccessId=service-416880535782@gcf-admin-robot.iam.gserviceaccount.com&Expires=1686507068&Signature=cAnesFsqRNWEF7ZtCL3OrsNaXfQAQy6olKRJ6SO9ArFcW1u0mniq5Ews%2FFbLB2lYBmEPIJszS9RX0lvDyhszvYcq56ZGsFa0G2cPfooRLEa7Vj4%2By52AvGQ%2FhfVLJfsKI%2FpUxmf1khm1D%2BIwh8%2FMcw1LEYT6XDNzhAgOuRgwYp%2BW4fcF9InTlA5nX0c4Ndtjk5AKUkEuUE7Et9vK7mzP0uIHzOnjvK5GiPzvmdnJKrzUDN2ru9Fjmqu8GeHh%2BCM%2FiIzNiq3jBb5c1EDx99NjJ2M4H3Wx56TEqXcHKCpToQ4wYXttj%2BuQco%2BZ%2Fj23yeyAyeyafVQTQtGEG2U%2Flyl0aQ%3D%3D","environmentVariables":{"FIREBASE_CONFIG":"{\"projectId\":\"loginsignup-auth-dc6a9\",\"databaseURL\":\"https://loginsignup-auth-dc6a9-default-rtdb.asia-southeast1.firebasedatabase.app\",\"storageBucket\":\"loginsignup-auth-dc6a9.appspot.com\",\"locationId\":\"asia-southeast2\"}","GCLOUD_PROJECT":"loginsignup-auth-dc6a9","EVENTARC_CLOUD_EVENT_SOURCE":"projects/loginsignup-auth-dc6a9/locations/us-central1/functions/processPayment"},"runtime":"nodejs18","buildId":"53b8338a-d276-4f4a-b148-ef87fcb08aac","buildEnvironmentVariables":{"GOOGLE_NODE_RUN_SCRIPTS":""},"buildName":"projects/416880535782/locations/us-central1/builds/53b8338a-d276-4f4a-b148-ef87fcb08aac","dockerRegistry":"ARTIFACT_REGISTRY"},"versionId":"2","updateTime":"2023-06-11T17:41:10Z","buildId":"3dac0629-263b-42a1-9af2-eda99853f48e","buildName":"projects/416880535782/locations/us-central1/builds/3dac0629-263b-42a1-9af2-eda99853f48e"}}
[debug] [2023-06-11T17:41:12.460Z] [update-default-us-central1-processPayment] Retrying task index 0
[debug] [2023-06-11T17:41:12.460Z] >>> [apiv2][query] GET https://cloudfunctions.googleapis.com/v1/operations/bG9naW5zaWdudXAtYXV0aC1kYzZhOS91cy1jZW50cmFsMS9wcm9jZXNzUGF5bWVudC9LemREWjJaeUl2VQ [none]
[debug] [2023-06-11T17:41:12.885Z] <<< [apiv2][status] GET https://cloudfunctions.googleapis.com/v1/operations/bG9naW5zaWdudXAtYXV0aC1kYzZhOS91cy1jZW50cmFsMS9wcm9jZXNzUGF5bWVudC9LemREWjJaeUl2VQ 200
[debug] [2023-06-11T17:41:12.885Z] <<< [apiv2][body] GET https://cloudfunctions.googleapis.com/v1/operations/bG9naW5zaWdudXAtYXV0aC1kYzZhOS91cy1jZW50cmFsMS9wcm9jZXNzUGF5bWVudC9LemREWjJaeUl2VQ {"name":"operations/bG9naW5zaWdudXAtYXV0aC1kYzZhOS91cy1jZW50cmFsMS9wcm9jZXNzUGF5bWVudC9LemREWjJaeUl2VQ","metadata":{"@type":"type.googleapis.com/google.cloud.functions.v1.OperationMetadataV1","target":"projects/loginsignup-auth-dc6a9/locations/us-central1/functions/processPayment","type":"UPDATE_FUNCTION","request":{"@type":"type.googleapis.com/google.cloud.functions.v1.CloudFunction","name":"projects/loginsignup-auth-dc6a9/locations/us-central1/functions/processPayment","httpsTrigger":{"url":"https://us-central1-loginsignup-auth-dc6a9.cloudfunctions.net/processPayment","securityLevel":"SECURE_ALWAYS"},"status":"OFFLINE","entryPoint":"processPayment","updateTime":"2023-06-11T17:38:10.885Z","versionId":"1","labels":{"deployment-tool":"cli-firebase","firebase-functions-hash":"a0964ba4911d85d4d56f3dcb485cf2422661ed3c"},"sourceUploadUrl":"https://storage.googleapis.com/uploads-37502175809.us-central1.cloudfunctions.appspot.com/c8b84838-e3eb-444a-9ccd-06d609cedaf8.zip?GoogleAccessId=service-416880535782@gcf-admin-robot.iam.gserviceaccount.com&Expires=1686507068&Signature=cAnesFsqRNWEF7ZtCL3OrsNaXfQAQy6olKRJ6SO9ArFcW1u0mniq5Ews%2FFbLB2lYBmEPIJszS9RX0lvDyhszvYcq56ZGsFa0G2cPfooRLEa7Vj4%2By52AvGQ%2FhfVLJfsKI%2FpUxmf1khm1D%2BIwh8%2FMcw1LEYT6XDNzhAgOuRgwYp%2BW4fcF9InTlA5nX0c4Ndtjk5AKUkEuUE7Et9vK7mzP0uIHzOnjvK5GiPzvmdnJKrzUDN2ru9Fjmqu8GeHh%2BCM%2FiIzNiq3jBb5c1EDx99NjJ2M4H3Wx56TEqXcHKCpToQ4wYXttj%2BuQco%2BZ%2Fj23yeyAyeyafVQTQtGEG2U%2Flyl0aQ%3D%3D","environmentVariables":{"FIREBASE_CONFIG":"{\"projectId\":\"loginsignup-auth-dc6a9\",\"databaseURL\":\"https://loginsignup-auth-dc6a9-default-rtdb.asia-southeast1.firebasedatabase.app\",\"storageBucket\":\"loginsignup-auth-dc6a9.appspot.com\",\"locationId\":\"asia-southeast2\"}","GCLOUD_PROJECT":"loginsignup-auth-dc6a9","EVENTARC_CLOUD_EVENT_SOURCE":"projects/loginsignup-auth-dc6a9/locations/us-central1/functions/processPayment"},"runtime":"nodejs18","buildId":"53b8338a-d276-4f4a-b148-ef87fcb08aac","buildEnvironmentVariables":{"GOOGLE_NODE_RUN_SCRIPTS":""},"buildName":"projects/416880535782/locations/us-central1/builds/53b8338a-d276-4f4a-b148-ef87fcb08aac","dockerRegistry":"ARTIFACT_REGISTRY"},"versionId":"2","updateTime":"2023-06-11T17:41:10Z","buildId":"3dac0629-263b-42a1-9af2-eda99853f48e","buildName":"projects/416880535782/locations/us-central1/builds/3dac0629-263b-42a1-9af2-eda99853f48e"}}
[debug] [2023-06-11T17:41:14.886Z] [update-default-us-central1-processPayment] Retrying task index 0
[debug] [2023-06-11T17:41:14.886Z] >>> [apiv2][query] GET https://cloudfunctions.googleapis.com/v1/operations/bG9naW5zaWdudXAtYXV0aC1kYzZhOS91cy1jZW50cmFsMS9wcm9jZXNzUGF5bWVudC9LemREWjJaeUl2VQ [none]
[debug] [2023-06-11T17:41:15.282Z] <<< [apiv2][status] GET https://cloudfunctions.googleapis.com/v1/operations/bG9naW5zaWdudXAtYXV0aC1kYzZhOS91cy1jZW50cmFsMS9wcm9jZXNzUGF5bWVudC9LemREWjJaeUl2VQ 200
[debug] [2023-06-11T17:41:15.282Z] <<< [apiv2][body] GET https://cloudfunctions.googleapis.com/v1/operations/bG9naW5zaWdudXAtYXV0aC1kYzZhOS91cy1jZW50cmFsMS9wcm9jZXNzUGF5bWVudC9LemREWjJaeUl2VQ {"name":"operations/bG9naW5zaWdudXAtYXV0aC1kYzZhOS91cy1jZW50cmFsMS9wcm9jZXNzUGF5bWVudC9LemREWjJaeUl2VQ","metadata":{"@type":"type.googleapis.com/google.cloud.functions.v1.OperationMetadataV1","target":"projects/loginsignup-auth-dc6a9/locations/us-central1/functions/processPayment","type":"UPDATE_FUNCTION","request":{"@type":"type.googleapis.com/google.cloud.functions.v1.CloudFunction","name":"projects/loginsignup-auth-dc6a9/locations/us-central1/functions/processPayment","httpsTrigger":{"url":"https://us-central1-loginsignup-auth-dc6a9.cloudfunctions.net/processPayment","securityLevel":"SECURE_ALWAYS"},"status":"OFFLINE","entryPoint":"processPayment","updateTime":"2023-06-11T17:38:10.885Z","versionId":"1","labels":{"deployment-tool":"cli-firebase","firebase-functions-hash":"a0964ba4911d85d4d56f3dcb485cf2422661ed3c"},"sourceUploadUrl":"https://storage.googleapis.com/uploads-37502175809.us-central1.cloudfunctions.appspot.com/c8b84838-e3eb-444a-9ccd-06d609cedaf8.zip?GoogleAccessId=service-416880535782@gcf-admin-robot.iam.gserviceaccount.com&Expires=1686507068&Signature=cAnesFsqRNWEF7ZtCL3OrsNaXfQAQy6olKRJ6SO9ArFcW1u0mniq5Ews%2FFbLB2lYBmEPIJszS9RX0lvDyhszvYcq56ZGsFa0G2cPfooRLEa7Vj4%2By52AvGQ%2FhfVLJfsKI%2FpUxmf1khm1D%2BIwh8%2FMcw1LEYT6XDNzhAgOuRgwYp%2BW4fcF9InTlA5nX0c4Ndtjk5AKUkEuUE7Et9vK7mzP0uIHzOnjvK5GiPzvmdnJKrzUDN2ru9Fjmqu8GeHh%2BCM%2FiIzNiq3jBb5c1EDx99NjJ2M4H3Wx56TEqXcHKCpToQ4wYXttj%2BuQco%2BZ%2Fj23yeyAyeyafVQTQtGEG2U%2Flyl0aQ%3D%3D","environmentVariables":{"FIREBASE_CONFIG":"{\"projectId\":\"loginsignup-auth-dc6a9\",\"databaseURL\":\"https://loginsignup-auth-dc6a9-default-rtdb.asia-southeast1.firebasedatabase.app\",\"storageBucket\":\"loginsignup-auth-dc6a9.appspot.com\",\"locationId\":\"asia-southeast2\"}","GCLOUD_PROJECT":"loginsignup-auth-dc6a9","EVENTARC_CLOUD_EVENT_SOURCE":"projects/loginsignup-auth-dc6a9/locations/us-central1/functions/processPayment"},"runtime":"nodejs18","buildId":"53b8338a-d276-4f4a-b148-ef87fcb08aac","buildEnvironmentVariables":{"GOOGLE_NODE_RUN_SCRIPTS":""},"buildName":"projects/416880535782/locations/us-central1/builds/53b8338a-d276-4f4a-b148-ef87fcb08aac","dockerRegistry":"ARTIFACT_REGISTRY"},"versionId":"2","updateTime":"2023-06-11T17:41:10Z","buildId":"3dac0629-263b-42a1-9af2-eda99853f48e","buildName":"projects/416880535782/locations/us-central1/builds/3dac0629-263b-42a1-9af2-eda99853f48e"}}
[debug] [2023-06-11T17:41:19.282Z] [update-default-us-central1-processPayment] Retrying task index 0
[debug] [2023-06-11T17:41:19.282Z] >>> [apiv2][query] GET https://cloudfunctions.googleapis.com/v1/operations/bG9naW5zaWdudXAtYXV0aC1kYzZhOS91cy1jZW50cmFsMS9wcm9jZXNzUGF5bWVudC9LemREWjJaeUl2VQ [none]
[debug] [2023-06-11T17:41:19.683Z] <<< [apiv2][status] GET https://cloudfunctions.googleapis.com/v1/operations/bG9naW5zaWdudXAtYXV0aC1kYzZhOS91cy1jZW50cmFsMS9wcm9jZXNzUGF5bWVudC9LemREWjJaeUl2VQ 200
[debug] [2023-06-11T17:41:19.683Z] <<< [apiv2][body] GET https://cloudfunctions.googleapis.com/v1/operations/bG9naW5zaWdudXAtYXV0aC1kYzZhOS91cy1jZW50cmFsMS9wcm9jZXNzUGF5bWVudC9LemREWjJaeUl2VQ {"name":"operations/bG9naW5zaWdudXAtYXV0aC1kYzZhOS91cy1jZW50cmFsMS9wcm9jZXNzUGF5bWVudC9LemREWjJaeUl2VQ","metadata":{"@type":"type.googleapis.com/google.cloud.functions.v1.OperationMetadataV1","target":"projects/loginsignup-auth-dc6a9/locations/us-central1/functions/processPayment","type":"UPDATE_FUNCTION","request":{"@type":"type.googleapis.com/google.cloud.functions.v1.CloudFunction","name":"projects/loginsignup-auth-dc6a9/locations/us-central1/functions/processPayment","httpsTrigger":{"url":"https://us-central1-loginsignup-auth-dc6a9.cloudfunctions.net/processPayment","securityLevel":"SECURE_ALWAYS"},"status":"OFFLINE","entryPoint":"processPayment","updateTime":"2023-06-11T17:38:10.885Z","versionId":"1","labels":{"deployment-tool":"cli-firebase","firebase-functions-hash":"a0964ba4911d85d4d56f3dcb485cf2422661ed3c"},"sourceUploadUrl":"https://storage.googleapis.com/uploads-37502175809.us-central1.cloudfunctions.appspot.com/c8b84838-e3eb-444a-9ccd-06d609cedaf8.zip?GoogleAccessId=service-416880535782@gcf-admin-robot.iam.gserviceaccount.com&Expires=1686507068&Signature=cAnesFsqRNWEF7ZtCL3OrsNaXfQAQy6olKRJ6SO9ArFcW1u0mniq5Ews%2FFbLB2lYBmEPIJszS9RX0lvDyhszvYcq56ZGsFa0G2cPfooRLEa7Vj4%2By52AvGQ%2FhfVLJfsKI%2FpUxmf1khm1D%2BIwh8%2FMcw1LEYT6XDNzhAgOuRgwYp%2BW4fcF9InTlA5nX0c4Ndtjk5AKUkEuUE7Et9vK7mzP0uIHzOnjvK5GiPzvmdnJKrzUDN2ru9Fjmqu8GeHh%2BCM%2FiIzNiq3jBb5c1EDx99NjJ2M4H3Wx56TEqXcHKCpToQ4wYXttj%2BuQco%2BZ%2Fj23yeyAyeyafVQTQtGEG2U%2Flyl0aQ%3D%3D","environmentVariables":{"FIREBASE_CONFIG":"{\"projectId\":\"loginsignup-auth-dc6a9\",\"databaseURL\":\"https://loginsignup-auth-dc6a9-default-rtdb.asia-southeast1.firebasedatabase.app\",\"storageBucket\":\"loginsignup-auth-dc6a9.appspot.com\",\"locationId\":\"asia-southeast2\"}","GCLOUD_PROJECT":"loginsignup-auth-dc6a9","EVENTARC_CLOUD_EVENT_SOURCE":"projects/loginsignup-auth-dc6a9/locations/us-central1/functions/processPayment"},"runtime":"nodejs18","buildId":"53b8338a-d276-4f4a-b148-ef87fcb08aac","buildEnvironmentVariables":{"GOOGLE_NODE_RUN_SCRIPTS":""},"buildName":"projects/416880535782/locations/us-central1/builds/53b8338a-d276-4f4a-b148-ef87fcb08aac","dockerRegistry":"ARTIFACT_REGISTRY"},"versionId":"2","updateTime":"2023-06-11T17:41:10Z","buildId":"3dac0629-263b-42a1-9af2-eda99853f48e","buildName":"projects/416880535782/locations/us-central1/builds/3dac0629-263b-42a1-9af2-eda99853f48e"}}
[debug] [2023-06-11T17:41:27.684Z] [update-default-us-central1-processPayment] Retrying task index 0
[debug] [2023-06-11T17:41:27.685Z] >>> [apiv2][query] GET https://cloudfunctions.googleapis.com/v1/operations/bG9naW5zaWdudXAtYXV0aC1kYzZhOS91cy1jZW50cmFsMS9wcm9jZXNzUGF5bWVudC9LemREWjJaeUl2VQ [none]
[debug] [2023-06-11T17:41:28.141Z] <<< [apiv2][status] GET https://cloudfunctions.googleapis.com/v1/operations/bG9naW5zaWdudXAtYXV0aC1kYzZhOS91cy1jZW50cmFsMS9wcm9jZXNzUGF5bWVudC9LemREWjJaeUl2VQ 200
[debug] [2023-06-11T17:41:28.142Z] <<< [apiv2][body] GET https://cloudfunctions.googleapis.com/v1/operations/bG9naW5zaWdudXAtYXV0aC1kYzZhOS91cy1jZW50cmFsMS9wcm9jZXNzUGF5bWVudC9LemREWjJaeUl2VQ {"name":"operations/bG9naW5zaWdudXAtYXV0aC1kYzZhOS91cy1jZW50cmFsMS9wcm9jZXNzUGF5bWVudC9LemREWjJaeUl2VQ","metadata":{"@type":"type.googleapis.com/google.cloud.functions.v1.OperationMetadataV1","target":"projects/loginsignup-auth-dc6a9/locations/us-central1/functions/processPayment","type":"UPDATE_FUNCTION","request":{"@type":"type.googleapis.com/google.cloud.functions.v1.CloudFunction","name":"projects/loginsignup-auth-dc6a9/locations/us-central1/functions/processPayment","httpsTrigger":{"url":"https://us-central1-loginsignup-auth-dc6a9.cloudfunctions.net/processPayment","securityLevel":"SECURE_ALWAYS"},"status":"OFFLINE","entryPoint":"processPayment","updateTime":"2023-06-11T17:38:10.885Z","versionId":"1","labels":{"deployment-tool":"cli-firebase","firebase-functions-hash":"a0964ba4911d85d4d56f3dcb485cf2422661ed3c"},"sourceUploadUrl":"https://storage.googleapis.com/uploads-37502175809.us-central1.cloudfunctions.appspot.com/c8b84838-e3eb-444a-9ccd-06d609cedaf8.zip?GoogleAccessId=service-416880535782@gcf-admin-robot.iam.gserviceaccount.com&Expires=1686507068&Signature=cAnesFsqRNWEF7ZtCL3OrsNaXfQAQy6olKRJ6SO9ArFcW1u0mniq5Ews%2FFbLB2lYBmEPIJszS9RX0lvDyhszvYcq56ZGsFa0G2cPfooRLEa7Vj4%2By52AvGQ%2FhfVLJfsKI%2FpUxmf1khm1D%2BIwh8%2FMcw1LEYT6XDNzhAgOuRgwYp%2BW4fcF9InTlA5nX0c4Ndtjk5AKUkEuUE7Et9vK7mzP0uIHzOnjvK5GiPzvmdnJKrzUDN2ru9Fjmqu8GeHh%2BCM%2FiIzNiq3jBb5c1EDx99NjJ2M4H3Wx56TEqXcHKCpToQ4wYXttj%2BuQco%2BZ%2Fj23yeyAyeyafVQTQtGEG2U%2Flyl0aQ%3D%3D","environmentVariables":{"FIREBASE_CONFIG":"{\"projectId\":\"loginsignup-auth-dc6a9\",\"databaseURL\":\"https://loginsignup-auth-dc6a9-default-rtdb.asia-southeast1.firebasedatabase.app\",\"storageBucket\":\"loginsignup-auth-dc6a9.appspot.com\",\"locationId\":\"asia-southeast2\"}","GCLOUD_PROJECT":"loginsignup-auth-dc6a9","EVENTARC_CLOUD_EVENT_SOURCE":"projects/loginsignup-auth-dc6a9/locations/us-central1/functions/processPayment"},"runtime":"nodejs18","buildId":"53b8338a-d276-4f4a-b148-ef87fcb08aac","buildEnvironmentVariables":{"GOOGLE_NODE_RUN_SCRIPTS":""},"buildName":"projects/416880535782/locations/us-central1/builds/53b8338a-d276-4f4a-b148-ef87fcb08aac","dockerRegistry":"ARTIFACT_REGISTRY"},"versionId":"2","updateTime":"2023-06-11T17:41:10Z","buildId":"3dac0629-263b-42a1-9af2-eda99853f48e","buildName":"projects/416880535782/locations/us-central1/builds/3dac0629-263b-42a1-9af2-eda99853f48e"}}
[debug] [2023-06-11T17:41:38.142Z] [update-default-us-central1-processPayment] Retrying task index 0
[debug] [2023-06-11T17:41:38.142Z] >>> [apiv2][query] GET https://cloudfunctions.googleapis.com/v1/operations/bG9naW5zaWdudXAtYXV0aC1kYzZhOS91cy1jZW50cmFsMS9wcm9jZXNzUGF5bWVudC9LemREWjJaeUl2VQ [none]
[debug] [2023-06-11T17:41:38.632Z] <<< [apiv2][status] GET https://cloudfunctions.googleapis.com/v1/operations/bG9naW5zaWdudXAtYXV0aC1kYzZhOS91cy1jZW50cmFsMS9wcm9jZXNzUGF5bWVudC9LemREWjJaeUl2VQ 200
[debug] [2023-06-11T17:41:38.632Z] <<< [apiv2][body] GET https://cloudfunctions.googleapis.com/v1/operations/bG9naW5zaWdudXAtYXV0aC1kYzZhOS91cy1jZW50cmFsMS9wcm9jZXNzUGF5bWVudC9LemREWjJaeUl2VQ {"name":"operations/bG9naW5zaWdudXAtYXV0aC1kYzZhOS91cy1jZW50cmFsMS9wcm9jZXNzUGF5bWVudC9LemREWjJaeUl2VQ","metadata":{"@type":"type.googleapis.com/google.cloud.functions.v1.OperationMetadataV1","target":"projects/loginsignup-auth-dc6a9/locations/us-central1/functions/processPayment","type":"UPDATE_FUNCTION","request":{"@type":"type.googleapis.com/google.cloud.functions.v1.CloudFunction","name":"projects/loginsignup-auth-dc6a9/locations/us-central1/functions/processPayment","httpsTrigger":{"url":"https://us-central1-loginsignup-auth-dc6a9.cloudfunctions.net/processPayment","securityLevel":"SECURE_ALWAYS"},"status":"OFFLINE","entryPoint":"processPayment","updateTime":"2023-06-11T17:38:10.885Z","versionId":"1","labels":{"deployment-tool":"cli-firebase","firebase-functions-hash":"a0964ba4911d85d4d56f3dcb485cf2422661ed3c"},"sourceUploadUrl":"https://storage.googleapis.com/uploads-37502175809.us-central1.cloudfunctions.appspot.com/c8b84838-e3eb-444a-9ccd-06d609cedaf8.zip?GoogleAccessId=service-416880535782@gcf-admin-robot.iam.gserviceaccount.com&Expires=1686507068&Signature=cAnesFsqRNWEF7ZtCL3OrsNaXfQAQy6olKRJ6SO9ArFcW1u0mniq5Ews%2FFbLB2lYBmEPIJszS9RX0lvDyhszvYcq56ZGsFa0G2cPfooRLEa7Vj4%2By52AvGQ%2FhfVLJfsKI%2FpUxmf1khm1D%2BIwh8%2FMcw1LEYT6XDNzhAgOuRgwYp%2BW4fcF9InTlA5nX0c4Ndtjk5AKUkEuUE7Et9vK7mzP0uIHzOnjvK5GiPzvmdnJKrzUDN2ru9Fjmqu8GeHh%2BCM%2FiIzNiq3jBb5c1EDx99NjJ2M4H3Wx56TEqXcHKCpToQ4wYXttj%2BuQco%2BZ%2Fj23yeyAyeyafVQTQtGEG2U%2Flyl0aQ%3D%3D","environmentVariables":{"FIREBASE_CONFIG":"{\"projectId\":\"loginsignup-auth-dc6a9\",\"databaseURL\":\"https://loginsignup-auth-dc6a9-default-rtdb.asia-southeast1.firebasedatabase.app\",\"storageBucket\":\"loginsignup-auth-dc6a9.appspot.com\",\"locationId\":\"asia-southeast2\"}","GCLOUD_PROJECT":"loginsignup-auth-dc6a9","EVENTARC_CLOUD_EVENT_SOURCE":"projects/loginsignup-auth-dc6a9/locations/us-central1/functions/processPayment"},"runtime":"nodejs18","buildId":"53b8338a-d276-4f4a-b148-ef87fcb08aac","buildEnvironmentVariables":{"GOOGLE_NODE_RUN_SCRIPTS":""},"buildName":"projects/416880535782/locations/us-central1/builds/53b8338a-d276-4f4a-b148-ef87fcb08aac","dockerRegistry":"ARTIFACT_REGISTRY"},"versionId":"2","updateTime":"2023-06-11T17:41:10Z","buildId":"3dac0629-263b-42a1-9af2-eda99853f48e","buildName":"projects/416880535782/locations/us-central1/builds/3dac0629-263b-42a1-9af2-eda99853f48e"}}
[debug] [2023-06-11T17:41:48.632Z] [update-default-us-central1-processPayment] Retrying task index 0
[debug] [2023-06-11T17:41:48.632Z] >>> [apiv2][query] GET https://cloudfunctions.googleapis.com/v1/operations/bG9naW5zaWdudXAtYXV0aC1kYzZhOS91cy1jZW50cmFsMS9wcm9jZXNzUGF5bWVudC9LemREWjJaeUl2VQ [none]
[debug] [2023-06-11T17:41:49.085Z] <<< [apiv2][status] GET https://cloudfunctions.googleapis.com/v1/operations/bG9naW5zaWdudXAtYXV0aC1kYzZhOS91cy1jZW50cmFsMS9wcm9jZXNzUGF5bWVudC9LemREWjJaeUl2VQ 200
[debug] [2023-06-11T17:41:49.085Z] <<< [apiv2][body] GET https://cloudfunctions.googleapis.com/v1/operations/bG9naW5zaWdudXAtYXV0aC1kYzZhOS91cy1jZW50cmFsMS9wcm9jZXNzUGF5bWVudC9LemREWjJaeUl2VQ {"name":"operations/bG9naW5zaWdudXAtYXV0aC1kYzZhOS91cy1jZW50cmFsMS9wcm9jZXNzUGF5bWVudC9LemREWjJaeUl2VQ","metadata":{"@type":"type.googleapis.com/google.cloud.functions.v1.OperationMetadataV1","target":"projects/loginsignup-auth-dc6a9/locations/us-central1/functions/processPayment","type":"UPDATE_FUNCTION","request":{"@type":"type.googleapis.com/google.cloud.functions.v1.CloudFunction","name":"projects/loginsignup-auth-dc6a9/locations/us-central1/functions/processPayment","httpsTrigger":{"url":"https://us-central1-loginsignup-auth-dc6a9.cloudfunctions.net/processPayment","securityLevel":"SECURE_ALWAYS"},"status":"OFFLINE","entryPoint":"processPayment","updateTime":"2023-06-11T17:38:10.885Z","versionId":"1","labels":{"deployment-tool":"cli-firebase","firebase-functions-hash":"a0964ba4911d85d4d56f3dcb485cf2422661ed3c"},"sourceUploadUrl":"https://storage.googleapis.com/uploads-37502175809.us-central1.cloudfunctions.appspot.com/c8b84838-e3eb-444a-9ccd-06d609cedaf8.zip?GoogleAccessId=service-416880535782@gcf-admin-robot.iam.gserviceaccount.com&Expires=1686507068&Signature=cAnesFsqRNWEF7ZtCL3OrsNaXfQAQy6olKRJ6SO9ArFcW1u0mniq5Ews%2FFbLB2lYBmEPIJszS9RX0lvDyhszvYcq56ZGsFa0G2cPfooRLEa7Vj4%2By52AvGQ%2FhfVLJfsKI%2FpUxmf1khm1D%2BIwh8%2FMcw1LEYT6XDNzhAgOuRgwYp%2BW4fcF9InTlA5nX0c4Ndtjk5AKUkEuUE7Et9vK7mzP0uIHzOnjvK5GiPzvmdnJKrzUDN2ru9Fjmqu8GeHh%2BCM%2FiIzNiq3jBb5c1EDx99NjJ2M4H3Wx56TEqXcHKCpToQ4wYXttj%2BuQco%2BZ%2Fj23yeyAyeyafVQTQtGEG2U%2Flyl0aQ%3D%3D","environmentVariables":{"FIREBASE_CONFIG":"{\"projectId\":\"loginsignup-auth-dc6a9\",\"databaseURL\":\"https://loginsignup-auth-dc6a9-default-rtdb.asia-southeast1.firebasedatabase.app\",\"storageBucket\":\"loginsignup-auth-dc6a9.appspot.com\",\"locationId\":\"asia-southeast2\"}","GCLOUD_PROJECT":"loginsignup-auth-dc6a9","EVENTARC_CLOUD_EVENT_SOURCE":"projects/loginsignup-auth-dc6a9/locations/us-central1/functions/processPayment"},"runtime":"nodejs18","buildId":"53b8338a-d276-4f4a-b148-ef87fcb08aac","buildEnvironmentVariables":{"GOOGLE_NODE_RUN_SCRIPTS":""},"buildName":"projects/416880535782/locations/us-central1/builds/53b8338a-d276-4f4a-b148-ef87fcb08aac","dockerRegistry":"ARTIFACT_REGISTRY"},"versionId":"2","updateTime":"2023-06-11T17:41:10Z","buildId":"3dac0629-263b-42a1-9af2-eda99853f48e","buildName":"projects/416880535782/locations/us-central1/builds/3dac0629-263b-42a1-9af2-eda99853f48e"}}
[debug] [2023-06-11T17:41:59.086Z] [update-default-us-central1-processPayment] Retrying task index 0
[debug] [2023-06-11T17:41:59.086Z] >>> [apiv2][query] GET https://cloudfunctions.googleapis.com/v1/operations/bG9naW5zaWdudXAtYXV0aC1kYzZhOS91cy1jZW50cmFsMS9wcm9jZXNzUGF5bWVudC9LemREWjJaeUl2VQ [none]
[debug] [2023-06-11T17:41:59.482Z] <<< [apiv2][status] GET https://cloudfunctions.googleapis.com/v1/operations/bG9naW5zaWdudXAtYXV0aC1kYzZhOS91cy1jZW50cmFsMS9wcm9jZXNzUGF5bWVudC9LemREWjJaeUl2VQ 200
[debug] [2023-06-11T17:41:59.482Z] <<< [apiv2][body] GET https://cloudfunctions.googleapis.com/v1/operations/bG9naW5zaWdudXAtYXV0aC1kYzZhOS91cy1jZW50cmFsMS9wcm9jZXNzUGF5bWVudC9LemREWjJaeUl2VQ {"name":"operations/bG9naW5zaWdudXAtYXV0aC1kYzZhOS91cy1jZW50cmFsMS9wcm9jZXNzUGF5bWVudC9LemREWjJaeUl2VQ","metadata":{"@type":"type.googleapis.com/google.cloud.functions.v1.OperationMetadataV1","target":"projects/loginsignup-auth-dc6a9/locations/us-central1/functions/processPayment","type":"UPDATE_FUNCTION","request":{"@type":"type.googleapis.com/google.cloud.functions.v1.CloudFunction","name":"projects/loginsignup-auth-dc6a9/locations/us-central1/functions/processPayment","httpsTrigger":{"url":"https://us-central1-loginsignup-auth-dc6a9.cloudfunctions.net/processPayment","securityLevel":"SECURE_ALWAYS"},"status":"OFFLINE","entryPoint":"processPayment","updateTime":"2023-06-11T17:38:10.885Z","versionId":"1","labels":{"deployment-tool":"cli-firebase","firebase-functions-hash":"a0964ba4911d85d4d56f3dcb485cf2422661ed3c"},"sourceUploadUrl":"https://storage.googleapis.com/uploads-37502175809.us-central1.cloudfunctions.appspot.com/c8b84838-e3eb-444a-9ccd-06d609cedaf8.zip?GoogleAccessId=service-416880535782@gcf-admin-robot.iam.gserviceaccount.com&Expires=1686507068&Signature=cAnesFsqRNWEF7ZtCL3OrsNaXfQAQy6olKRJ6SO9ArFcW1u0mniq5Ews%2FFbLB2lYBmEPIJszS9RX0lvDyhszvYcq56ZGsFa0G2cPfooRLEa7Vj4%2By52AvGQ%2FhfVLJfsKI%2FpUxmf1khm1D%2BIwh8%2FMcw1LEYT6XDNzhAgOuRgwYp%2BW4fcF9InTlA5nX0c4Ndtjk5AKUkEuUE7Et9vK7mzP0uIHzOnjvK5GiPzvmdnJKrzUDN2ru9Fjmqu8GeHh%2BCM%2FiIzNiq3jBb5c1EDx99NjJ2M4H3Wx56TEqXcHKCpToQ4wYXttj%2BuQco%2BZ%2Fj23yeyAyeyafVQTQtGEG2U%2Flyl0aQ%3D%3D","environmentVariables":{"FIREBASE_CONFIG":"{\"projectId\":\"loginsignup-auth-dc6a9\",\"databaseURL\":\"https://loginsignup-auth-dc6a9-default-rtdb.asia-southeast1.firebasedatabase.app\",\"storageBucket\":\"loginsignup-auth-dc6a9.appspot.com\",\"locationId\":\"asia-southeast2\"}","GCLOUD_PROJECT":"loginsignup-auth-dc6a9","EVENTARC_CLOUD_EVENT_SOURCE":"projects/loginsignup-auth-dc6a9/locations/us-central1/functions/processPayment"},"runtime":"nodejs18","buildId":"53b8338a-d276-4f4a-b148-ef87fcb08aac","buildEnvironmentVariables":{"GOOGLE_NODE_RUN_SCRIPTS":""},"buildName":"projects/416880535782/locations/us-central1/builds/53b8338a-d276-4f4a-b148-ef87fcb08aac","dockerRegistry":"ARTIFACT_REGISTRY"},"versionId":"2","updateTime":"2023-06-11T17:41:10Z","buildId":"3dac0629-263b-42a1-9af2-eda99853f48e","buildName":"projects/416880535782/locations/us-central1/builds/3dac0629-263b-42a1-9af2-eda99853f48e"}}
[debug] [2023-06-11T17:42:09.482Z] [update-default-us-central1-processPayment] Retrying task index 0
[debug] [2023-06-11T17:42:09.482Z] >>> [apiv2][query] GET https://cloudfunctions.googleapis.com/v1/operations/bG9naW5zaWdudXAtYXV0aC1kYzZhOS91cy1jZW50cmFsMS9wcm9jZXNzUGF5bWVudC9LemREWjJaeUl2VQ [none]
[debug] [2023-06-11T17:42:09.937Z] <<< [apiv2][status] GET https://cloudfunctions.googleapis.com/v1/operations/bG9naW5zaWdudXAtYXV0aC1kYzZhOS91cy1jZW50cmFsMS9wcm9jZXNzUGF5bWVudC9LemREWjJaeUl2VQ 200
[debug] [2023-06-11T17:42:09.937Z] <<< [apiv2][body] GET https://cloudfunctions.googleapis.com/v1/operations/bG9naW5zaWdudXAtYXV0aC1kYzZhOS91cy1jZW50cmFsMS9wcm9jZXNzUGF5bWVudC9LemREWjJaeUl2VQ {"name":"operations/bG9naW5zaWdudXAtYXV0aC1kYzZhOS91cy1jZW50cmFsMS9wcm9jZXNzUGF5bWVudC9LemREWjJaeUl2VQ","metadata":{"@type":"type.googleapis.com/google.cloud.functions.v1.OperationMetadataV1","target":"projects/loginsignup-auth-dc6a9/locations/us-central1/functions/processPayment","type":"UPDATE_FUNCTION","request":{"@type":"type.googleapis.com/google.cloud.functions.v1.CloudFunction","name":"projects/loginsignup-auth-dc6a9/locations/us-central1/functions/processPayment","httpsTrigger":{"url":"https://us-central1-loginsignup-auth-dc6a9.cloudfunctions.net/processPayment","securityLevel":"SECURE_ALWAYS"},"status":"OFFLINE","entryPoint":"processPayment","updateTime":"2023-06-11T17:38:10.885Z","versionId":"1","labels":{"deployment-tool":"cli-firebase","firebase-functions-hash":"a0964ba4911d85d4d56f3dcb485cf2422661ed3c"},"sourceUploadUrl":"https://storage.googleapis.com/uploads-37502175809.us-central1.cloudfunctions.appspot.com/c8b84838-e3eb-444a-9ccd-06d609cedaf8.zip?GoogleAccessId=service-416880535782@gcf-admin-robot.iam.gserviceaccount.com&Expires=1686507068&Signature=cAnesFsqRNWEF7ZtCL3OrsNaXfQAQy6olKRJ6SO9ArFcW1u0mniq5Ews%2FFbLB2lYBmEPIJszS9RX0lvDyhszvYcq56ZGsFa0G2cPfooRLEa7Vj4%2By52AvGQ%2FhfVLJfsKI%2FpUxmf1khm1D%2BIwh8%2FMcw1LEYT6XDNzhAgOuRgwYp%2BW4fcF9InTlA5nX0c4Ndtjk5AKUkEuUE7Et9vK7mzP0uIHzOnjvK5GiPzvmdnJKrzUDN2ru9Fjmqu8GeHh%2BCM%2FiIzNiq3jBb5c1EDx99NjJ2M4H3Wx56TEqXcHKCpToQ4wYXttj%2BuQco%2BZ%2Fj23yeyAyeyafVQTQtGEG2U%2Flyl0aQ%3D%3D","environmentVariables":{"FIREBASE_CONFIG":"{\"projectId\":\"loginsignup-auth-dc6a9\",\"databaseURL\":\"https://loginsignup-auth-dc6a9-default-rtdb.asia-southeast1.firebasedatabase.app\",\"storageBucket\":\"loginsignup-auth-dc6a9.appspot.com\",\"locationId\":\"asia-southeast2\"}","GCLOUD_PROJECT":"loginsignup-auth-dc6a9","EVENTARC_CLOUD_EVENT_SOURCE":"projects/loginsignup-auth-dc6a9/locations/us-central1/functions/processPayment"},"runtime":"nodejs18","buildId":"53b8338a-d276-4f4a-b148-ef87fcb08aac","buildEnvironmentVariables":{"GOOGLE_NODE_RUN_SCRIPTS":""},"buildName":"projects/416880535782/locations/us-central1/builds/53b8338a-d276-4f4a-b148-ef87fcb08aac","dockerRegistry":"ARTIFACT_REGISTRY"},"versionId":"2","updateTime":"2023-06-11T17:41:10Z","buildId":"3dac0629-263b-42a1-9af2-eda99853f48e","sourceToken":"6695a624-3dc0-4d9d-b81d-86240287c746","buildName":"projects/416880535782/locations/us-central1/builds/3dac0629-263b-42a1-9af2-eda99853f48e"}}
[debug] [2023-06-11T17:42:09.937Z] Got source token 6695a624-3dc0-4d9d-b81d-86240287c746 for region us-central1
[debug] [2023-06-11T17:42:19.938Z] [update-default-us-central1-processPayment] Retrying task index 0
[debug] [2023-06-11T17:42:19.938Z] >>> [apiv2][query] GET https://cloudfunctions.googleapis.com/v1/operations/bG9naW5zaWdudXAtYXV0aC1kYzZhOS91cy1jZW50cmFsMS9wcm9jZXNzUGF5bWVudC9LemREWjJaeUl2VQ [none]
[debug] [2023-06-11T17:42:20.362Z] <<< [apiv2][status] GET https://cloudfunctions.googleapis.com/v1/operations/bG9naW5zaWdudXAtYXV0aC1kYzZhOS91cy1jZW50cmFsMS9wcm9jZXNzUGF5bWVudC9LemREWjJaeUl2VQ 200
[debug] [2023-06-11T17:42:20.362Z] <<< [apiv2][body] GET https://cloudfunctions.googleapis.com/v1/operations/bG9naW5zaWdudXAtYXV0aC1kYzZhOS91cy1jZW50cmFsMS9wcm9jZXNzUGF5bWVudC9LemREWjJaeUl2VQ {"name":"operations/bG9naW5zaWdudXAtYXV0aC1kYzZhOS91cy1jZW50cmFsMS9wcm9jZXNzUGF5bWVudC9LemREWjJaeUl2VQ","metadata":{"@type":"type.googleapis.com/google.cloud.functions.v1.OperationMetadataV1","target":"projects/loginsignup-auth-dc6a9/locations/us-central1/functions/processPayment","type":"UPDATE_FUNCTION","request":{"@type":"type.googleapis.com/google.cloud.functions.v1.CloudFunction","name":"projects/loginsignup-auth-dc6a9/locations/us-central1/functions/processPayment","httpsTrigger":{"url":"https://us-central1-loginsignup-auth-dc6a9.cloudfunctions.net/processPayment","securityLevel":"SECURE_ALWAYS"},"status":"OFFLINE","entryPoint":"processPayment","updateTime":"2023-06-11T17:38:10.885Z","versionId":"1","labels":{"deployment-tool":"cli-firebase","firebase-functions-hash":"a0964ba4911d85d4d56f3dcb485cf2422661ed3c"},"sourceUploadUrl":"https://storage.googleapis.com/uploads-37502175809.us-central1.cloudfunctions.appspot.com/c8b84838-e3eb-444a-9ccd-06d609cedaf8.zip?GoogleAccessId=service-416880535782@gcf-admin-robot.iam.gserviceaccount.com&Expires=1686507068&Signature=cAnesFsqRNWEF7ZtCL3OrsNaXfQAQy6olKRJ6SO9ArFcW1u0mniq5Ews%2FFbLB2lYBmEPIJszS9RX0lvDyhszvYcq56ZGsFa0G2cPfooRLEa7Vj4%2By52AvGQ%2FhfVLJfsKI%2FpUxmf1khm1D%2BIwh8%2FMcw1LEYT6XDNzhAgOuRgwYp%2BW4fcF9InTlA5nX0c4Ndtjk5AKUkEuUE7Et9vK7mzP0uIHzOnjvK5GiPzvmdnJKrzUDN2ru9Fjmqu8GeHh%2BCM%2FiIzNiq3jBb5c1EDx99NjJ2M4H3Wx56TEqXcHKCpToQ4wYXttj%2BuQco%2BZ%2Fj23yeyAyeyafVQTQtGEG2U%2Flyl0aQ%3D%3D","environmentVariables":{"FIREBASE_CONFIG":"{\"projectId\":\"loginsignup-auth-dc6a9\",\"databaseURL\":\"https://loginsignup-auth-dc6a9-default-rtdb.asia-southeast1.firebasedatabase.app\",\"storageBucket\":\"loginsignup-auth-dc6a9.appspot.com\",\"locationId\":\"asia-southeast2\"}","GCLOUD_PROJECT":"loginsignup-auth-dc6a9","EVENTARC_CLOUD_EVENT_SOURCE":"projects/loginsignup-auth-dc6a9/locations/us-central1/functions/processPayment"},"runtime":"nodejs18","buildId":"53b8338a-d276-4f4a-b148-ef87fcb08aac","buildEnvironmentVariables":{"GOOGLE_NODE_RUN_SCRIPTS":""},"buildName":"projects/416880535782/locations/us-central1/builds/53b8338a-d276-4f4a-b148-ef87fcb08aac","dockerRegistry":"ARTIFACT_REGISTRY"},"versionId":"2","updateTime":"2023-06-11T17:42:16Z","buildId":"3dac0629-263b-42a1-9af2-eda99853f48e","sourceToken":"6695a624-3dc0-4d9d-b81d-86240287c746","buildName":"projects/416880535782/locations/us-central1/builds/3dac0629-263b-42a1-9af2-eda99853f48e"},"done":true,"error":{"code":3,"message":"Function failed on loading user code. This is likely due to a bug in the user code. Error message: Provided module can't be loaded.\nDid you list all required modules in the package.json dependencies?\nDetailed stack trace: Error: Cannot find module 'axios'\nRequire stack:\n- /workspace/index.js\n- /layers/google.nodejs.functions-framework/functions-framework/node_modules/@google-cloud/functions-framework/build/src/loader.js\n- /layers/google.nodejs.functions-framework/functions-framework/node_modules/@google-cloud/functions-framework/build/src/main.js\n    at Module._resolveFilename (node:internal/modules/cjs/loader:1075:15)\n    at Module._load (node:internal/modules/cjs/loader:920:27)\n    at Module.require (node:internal/modules/cjs/loader:1141:19)\n    at require (node:internal/modules/cjs/helpers:110:18)\n    at Object.<anonymous> (/workspace/index.js:3:15)\n    at Module._compile (node:internal/modules/cjs/loader:1254:14)\n    at Module._extensions..js (node:internal/modules/cjs/loader:1308:10)\n    at Module.load (node:internal/modules/cjs/loader:1117:32)\n    at Module._load (node:internal/modules/cjs/loader:958:12)\n    at Module.require (node:internal/modules/cjs/loader:1141:19)\nCould not load the function, shutting down.. Please visit https://cloud.google.com/functions/docs/troubleshooting for in-depth troubleshooting documentation."}}
[debug] [2023-06-11T17:42:20.363Z] Got source token 6695a624-3dc0-4d9d-b81d-86240287c746 for region us-central1
[error] Function failed on loading user code. This is likely due to a bug in the user code. Error message: Provided module can't be loaded.
Did you list all required modules in the package.json dependencies?
Detailed stack trace: Error: Cannot find module 'axios'
Require stack:
- /workspace/index.js
- /layers/google.nodejs.functions-framework/functions-framework/node_modules/@google-cloud/functions-framework/build/src/loader.js
- /layers/google.nodejs.functions-framework/functions-framework/node_modules/@google-cloud/functions-framework/build/src/main.js
    at Module._resolveFilename (node:internal/modules/cjs/loader:1075:15)
    at Module._load (node:internal/modules/cjs/loader:920:27)
    at Module.require (node:internal/modules/cjs/loader:1141:19)
    at require (node:internal/modules/cjs/helpers:110:18)
    at Object.<anonymous> (/workspace/index.js:3:15)
    at Module._compile (node:internal/modules/cjs/loader:1254:14)
    at Module._extensions..js (node:internal/modules/cjs/loader:1308:10)
    at Module.load (node:internal/modules/cjs/loader:1117:32)
    at Module._load (node:internal/modules/cjs/loader:958:12)
    at Module.require (node:internal/modules/cjs/loader:1141:19)
Could not load the function, shutting down.. Please visit https://cloud.google.com/functions/docs/troubleshooting for in-depth troubleshooting documentation.
[debug] [2023-06-11T17:42:20.366Z] Total Function Deployment time: 71012
[debug] [2023-06-11T17:42:20.366Z] 1 Functions Deployed
[debug] [2023-06-11T17:42:20.366Z] 1 Functions Errored
[debug] [2023-06-11T17:42:20.366Z] 0 Function Deployments Aborted
[debug] [2023-06-11T17:42:20.366Z] Average Function Deployment time: 71011
[info] 
[info] Functions deploy had errors with the following functions:
	processPayment(us-central1)
[debug] [2023-06-11T17:42:20.478Z] Not printing URL for HTTPS function. Typically this means it didn't match a filter or we failed deployment
[info] i  functions: cleaning up build files... 
[debug] [2023-06-11T17:42:20.479Z] >>> [apiv2][query] DELETE https://artifactregistry.googleapis.com/v1beta2/projects/loginsignup-auth-dc6a9/locations/us-central1/repositories/gcf-artifacts/packages/process_payment [none]
[debug] [2023-06-11T17:42:20.480Z] >>> [apiv2][query] GET https://us.gcr.io/v2/loginsignup-auth-dc6a9/gcf/us-central1/tags/list [none]
[debug] [2023-06-11T17:42:20.797Z] <<< [apiv2][status] GET https://us.gcr.io/v2/loginsignup-auth-dc6a9/gcf/us-central1/tags/list 200
[debug] [2023-06-11T17:42:20.797Z] <<< [apiv2][body] GET https://us.gcr.io/v2/loginsignup-auth-dc6a9/gcf/us-central1/tags/list {"child":[],"manifest":{},"name":"loginsignup-auth-dc6a9/gcf/us-central1","tags":[]}
[debug] [2023-06-11T17:42:20.797Z] Could not find image for function projects/loginsignup-auth-dc6a9/locations/us-central1/functions/processPayment
[debug] [2023-06-11T17:42:21.887Z] <<< [apiv2][status] DELETE https://artifactregistry.googleapis.com/v1beta2/projects/loginsignup-auth-dc6a9/locations/us-central1/repositories/gcf-artifacts/packages/process_payment 200
[debug] [2023-06-11T17:42:21.887Z] <<< [apiv2][body] DELETE https://artifactregistry.googleapis.com/v1beta2/projects/loginsignup-auth-dc6a9/locations/us-central1/repositories/gcf-artifacts/packages/process_payment {"name":"projects/loginsignup-auth-dc6a9/locations/us-central1/operations/8f406fed-ed89-4cdb-a6cf-171e2cc6e338","metadata":{"@type":"type.googleapis.com/google.devtools.artifactregistry.v1beta2.OperationMetadata"}}
[debug] [2023-06-11T17:42:21.888Z] >>> [apiv2][query] GET https://artifactregistry.googleapis.com/v1beta2/projects/loginsignup-auth-dc6a9/locations/us-central1/operations/8f406fed-ed89-4cdb-a6cf-171e2cc6e338 [none]
[debug] [2023-06-11T17:42:23.291Z] <<< [apiv2][status] GET https://artifactregistry.googleapis.com/v1beta2/projects/loginsignup-auth-dc6a9/locations/us-central1/operations/8f406fed-ed89-4cdb-a6cf-171e2cc6e338 200
[debug] [2023-06-11T17:42:23.291Z] <<< [apiv2][body] GET https://artifactregistry.googleapis.com/v1beta2/projects/loginsignup-auth-dc6a9/locations/us-central1/operations/8f406fed-ed89-4cdb-a6cf-171e2cc6e338 {"name":"projects/loginsignup-auth-dc6a9/locations/us-central1/operations/8f406fed-ed89-4cdb-a6cf-171e2cc6e338","metadata":{"@type":"type.googleapis.com/google.devtools.artifactregistry.v1beta2.OperationMetadata"},"done":true,"response":{"@type":"type.googleapis.com/google.protobuf.Empty"}}
[debug] [2023-06-11T17:42:23.291Z] Functions deploy failed.
[debug] [2023-06-11T17:42:23.291Z] {
  "endpoint": {
    "id": "processPayment",
    "project": "loginsignup-auth-dc6a9",
    "region": "us-central1",
    "entryPoint": "processPayment",
    "platform": "gcfv1",
    "runtime": "nodejs18",
    "httpsTrigger": {},
    "serviceAccount": null,
    "ingressSettings": null,
    "availableMemoryMb": null,
    "timeoutSeconds": null,
    "maxInstances": null,
    "minInstances": null,
    "vpc": null,
    "environmentVariables": {
      "FIREBASE_CONFIG": "{\"projectId\":\"loginsignup-auth-dc6a9\",\"databaseURL\":\"https://loginsignup-auth-dc6a9-default-rtdb.asia-southeast1.firebasedatabase.app\",\"storageBucket\":\"loginsignup-auth-dc6a9.appspot.com\",\"locationId\":\"asia-southeast2\"}",
      "GCLOUD_PROJECT": "loginsignup-auth-dc6a9",
      "EVENTARC_CLOUD_EVENT_SOURCE": "projects/loginsignup-auth-dc6a9/locations/us-central1/functions/processPayment"
    },
    "codebase": "default",
    "securityLevel": "SECURE_ALWAYS",
    "targetedByOnly": false,
    "hash": "a0964ba4911d85d4d56f3dcb485cf2422661ed3c",
    "labels": {
      "deployment-tool": "cli-firebase"
    }
  },
  "op": "update",
  "original": {
    "name": "FirebaseError",
    "children": [],
    "exit": 1,
    "message": "Function failed on loading user code. This is likely due to a bug in the user code. Error message: Provided module can't be loaded.\nDid you list all required modules in the package.json dependencies?\nDetailed stack trace: Error: Cannot find module 'axios'\nRequire stack:\n- /workspace/index.js\n- /layers/google.nodejs.functions-framework/functions-framework/node_modules/@google-cloud/functions-framework/build/src/loader.js\n- /layers/google.nodejs.functions-framework/functions-framework/node_modules/@google-cloud/functions-framework/build/src/main.js\n    at Module._resolveFilename (node:internal/modules/cjs/loader:1075:15)\n    at Module._load (node:internal/modules/cjs/loader:920:27)\n    at Module.require (node:internal/modules/cjs/loader:1141:19)\n    at require (node:internal/modules/cjs/helpers:110:18)\n    at Object.<anonymous> (/workspace/index.js:3:15)\n    at Module._compile (node:internal/modules/cjs/loader:1254:14)\n    at Module._extensions..js (node:internal/modules/cjs/loader:1308:10)\n    at Module.load (node:internal/modules/cjs/loader:1117:32)\n    at Module._load (node:internal/modules/cjs/loader:958:12)\n    at Module.require (node:internal/modules/cjs/loader:1141:19)\nCould not load the function, shutting down.. Please visit https://cloud.google.com/functions/docs/troubleshooting for in-depth troubleshooting documentation.",
    "status": 3,
    "code": 3
  }
}
[debug] [2023-06-11T17:42:23.404Z] Error: Failed to update function processPayment in region us-central1
    at C:\Users\user\AppData\Roaming\npm\node_modules\firebase-tools\lib\deploy\functions\release\fabricator.js:51:11
    at process.processTicksAndRejections (node:internal/process/task_queues:95:5)
    at async Fabricator.updateV1Function (C:\Users\user\AppData\Roaming\npm\node_modules\firebase-tools\lib\deploy\functions\release\fabricator.js:344:32)
    at async Fabricator.updateEndpoint (C:\Users\user\AppData\Roaming\npm\node_modules\firebase-tools\lib\deploy\functions\release\fabricator.js:150:13)
    at async handle (C:\Users\user\AppData\Roaming\npm\node_modules\firebase-tools\lib\deploy\functions\release\fabricator.js:88:17)
[error] 
[error] Error: There was an error deploying functions
